<?xml version="1.0" encoding="UTF-8"?>
<!-- Generated by org.testng.reporters.JUnitReportReporter -->
<testsuite hostname="W10-Ranjini" name="PMM.basictest" tests="1" failures="0" timestamp="15 Aug 2017 20:08:54 GMT" time="0.221" errors="0">
  <testcase name="verifysum" time="0.221" classname="PMM.basictest"/>
</testsuite> <!-- PMM.basictest -->
